<?xml version="1.0" encoding="UTF-8"?>
<testsuite xmlns:xsi="http://www.w3.org/2001/XMLSchema-instance" xsi:noNamespaceSchemaLocation="https://maven.apache.org/surefire/maven-surefire-plugin/xsd/surefire-test-report.xsd" name="com.me.app.AppTest" time="2.755" tests="1" errors="0" skipped="0" failures="0">
  <properties>
    <property name="awt.toolkit" value="sun.awt.X11.XToolkit"/>
    <property name="file.encoding.pkg" value="sun.io"/>
    <property name="java.specification.version" value="1.8"/>
    <property name="sun.cpu.isalist" value=""/>
    <property name="sun.jnu.encoding" value="UTF-8"/>
    <property name="java.class.path" value="/home/ec2-user/environment/aws-commoms-util/target/test-classes:/home/ec2-user/environment/aws-commoms-util/target/classes:/home/ec2-user/.m2/repository/software/amazon/awssdk/ssm/2.17.190/ssm-2.17.190.jar:/home/ec2-user/.m2/repository/software/amazon/awssdk/aws-json-protocol/2.17.190/aws-json-protocol-2.17.190.jar:/home/ec2-user/.m2/repository/software/amazon/awssdk/third-party-jackson-core/2.17.190/third-party-jackson-core-2.17.190.jar:/home/ec2-user/.m2/repository/software/amazon/awssdk/json-utils/2.17.190/json-utils-2.17.190.jar:/home/ec2-user/.m2/repository/software/amazon/awssdk/protocol-core/2.17.190/protocol-core-2.17.190.jar:/home/ec2-user/.m2/repository/software/amazon/awssdk/sdk-core/2.17.190/sdk-core-2.17.190.jar:/home/ec2-user/.m2/repository/software/amazon/awssdk/profiles/2.17.190/profiles-2.17.190.jar:/home/ec2-user/.m2/repository/org/slf4j/slf4j-api/1.7.30/slf4j-api-1.7.30.jar:/home/ec2-user/.m2/repository/org/reactivestreams/reactive-streams/1.0.3/reactive-streams-1.0.3.jar:/home/ec2-user/.m2/repository/software/amazon/awssdk/auth/2.17.190/auth-2.17.190.jar:/home/ec2-user/.m2/repository/software/amazon/eventstream/eventstream/1.0.1/eventstream-1.0.1.jar:/home/ec2-user/.m2/repository/software/amazon/awssdk/http-client-spi/2.17.190/http-client-spi-2.17.190.jar:/home/ec2-user/.m2/repository/software/amazon/awssdk/regions/2.17.190/regions-2.17.190.jar:/home/ec2-user/.m2/repository/software/amazon/awssdk/annotations/2.17.190/annotations-2.17.190.jar:/home/ec2-user/.m2/repository/software/amazon/awssdk/utils/2.17.190/utils-2.17.190.jar:/home/ec2-user/.m2/repository/software/amazon/awssdk/aws-core/2.17.190/aws-core-2.17.190.jar:/home/ec2-user/.m2/repository/software/amazon/awssdk/metrics-spi/2.17.190/metrics-spi-2.17.190.jar:/home/ec2-user/.m2/repository/software/amazon/awssdk/apache-client/2.17.190/apache-client-2.17.190.jar:/home/ec2-user/.m2/repository/org/apache/httpcomponents/httpclient/4.5.13/httpclient-4.5.13.jar:/home/ec2-user/.m2/repository/commons-logging/commons-logging/1.2/commons-logging-1.2.jar:/home/ec2-user/.m2/repository/commons-codec/commons-codec/1.11/commons-codec-1.11.jar:/home/ec2-user/.m2/repository/org/apache/httpcomponents/httpcore/4.4.13/httpcore-4.4.13.jar:/home/ec2-user/.m2/repository/software/amazon/awssdk/netty-nio-client/2.17.190/netty-nio-client-2.17.190.jar:/home/ec2-user/.m2/repository/io/netty/netty-codec-http/4.1.77.Final/netty-codec-http-4.1.77.Final.jar:/home/ec2-user/.m2/repository/io/netty/netty-codec-http2/4.1.77.Final/netty-codec-http2-4.1.77.Final.jar:/home/ec2-user/.m2/repository/io/netty/netty-codec/4.1.77.Final/netty-codec-4.1.77.Final.jar:/home/ec2-user/.m2/repository/io/netty/netty-transport/4.1.77.Final/netty-transport-4.1.77.Final.jar:/home/ec2-user/.m2/repository/io/netty/netty-resolver/4.1.77.Final/netty-resolver-4.1.77.Final.jar:/home/ec2-user/.m2/repository/io/netty/netty-common/4.1.77.Final/netty-common-4.1.77.Final.jar:/home/ec2-user/.m2/repository/io/netty/netty-buffer/4.1.77.Final/netty-buffer-4.1.77.Final.jar:/home/ec2-user/.m2/repository/io/netty/netty-handler/4.1.77.Final/netty-handler-4.1.77.Final.jar:/home/ec2-user/.m2/repository/io/netty/netty-transport-classes-epoll/4.1.77.Final/netty-transport-classes-epoll-4.1.77.Final.jar:/home/ec2-user/.m2/repository/io/netty/netty-transport-native-unix-common/4.1.77.Final/netty-transport-native-unix-common-4.1.77.Final.jar:/home/ec2-user/.m2/repository/com/typesafe/netty/netty-reactive-streams-http/2.0.5/netty-reactive-streams-http-2.0.5.jar:/home/ec2-user/.m2/repository/com/typesafe/netty/netty-reactive-streams/2.0.5/netty-reactive-streams-2.0.5.jar:/home/ec2-user/.m2/repository/software/amazon/awssdk/secretsmanager/2.17.214/secretsmanager-2.17.214.jar:/home/ec2-user/.m2/repository/junit/junit/3.8.1/junit-3.8.1.jar:"/>
    <property name="java.vm.vendor" value="Red Hat, Inc."/>
    <property name="sun.arch.data.model" value="64"/>
    <property name="java.vendor.url" value="https://www.redhat.com/"/>
    <property name="user.timezone" value=""/>
    <property name="java.vm.specification.version" value="1.8"/>
    <property name="os.name" value="Linux"/>
    <property name="user.country" value="US"/>
    <property name="sun.java.launcher" value="SUN_STANDARD"/>
    <property name="sun.boot.library.path" value="/usr/lib/jvm/java-1.8.0-openjdk-1.8.0.312.b07-1.amzn2.0.2.x86_64/jre/lib/amd64"/>
    <property name="sun.java.command" value="/home/ec2-user/environment/aws-commoms-util/target/surefire/surefirebooter8516886133993360290.jar /home/ec2-user/environment/aws-commoms-util/target/surefire 2022-06-20T02-59-44_028-jvmRun1 surefire7108646865661219924tmp surefire_07426312198532655292tmp"/>
    <property name="surefire.test.class.path" value="/home/ec2-user/environment/aws-commoms-util/target/test-classes:/home/ec2-user/environment/aws-commoms-util/target/classes:/home/ec2-user/.m2/repository/software/amazon/awssdk/ssm/2.17.190/ssm-2.17.190.jar:/home/ec2-user/.m2/repository/software/amazon/awssdk/aws-json-protocol/2.17.190/aws-json-protocol-2.17.190.jar:/home/ec2-user/.m2/repository/software/amazon/awssdk/third-party-jackson-core/2.17.190/third-party-jackson-core-2.17.190.jar:/home/ec2-user/.m2/repository/software/amazon/awssdk/json-utils/2.17.190/json-utils-2.17.190.jar:/home/ec2-user/.m2/repository/software/amazon/awssdk/protocol-core/2.17.190/protocol-core-2.17.190.jar:/home/ec2-user/.m2/repository/software/amazon/awssdk/sdk-core/2.17.190/sdk-core-2.17.190.jar:/home/ec2-user/.m2/repository/software/amazon/awssdk/profiles/2.17.190/profiles-2.17.190.jar:/home/ec2-user/.m2/repository/org/slf4j/slf4j-api/1.7.30/slf4j-api-1.7.30.jar:/home/ec2-user/.m2/repository/org/reactivestreams/reactive-streams/1.0.3/reactive-streams-1.0.3.jar:/home/ec2-user/.m2/repository/software/amazon/awssdk/auth/2.17.190/auth-2.17.190.jar:/home/ec2-user/.m2/repository/software/amazon/eventstream/eventstream/1.0.1/eventstream-1.0.1.jar:/home/ec2-user/.m2/repository/software/amazon/awssdk/http-client-spi/2.17.190/http-client-spi-2.17.190.jar:/home/ec2-user/.m2/repository/software/amazon/awssdk/regions/2.17.190/regions-2.17.190.jar:/home/ec2-user/.m2/repository/software/amazon/awssdk/annotations/2.17.190/annotations-2.17.190.jar:/home/ec2-user/.m2/repository/software/amazon/awssdk/utils/2.17.190/utils-2.17.190.jar:/home/ec2-user/.m2/repository/software/amazon/awssdk/aws-core/2.17.190/aws-core-2.17.190.jar:/home/ec2-user/.m2/repository/software/amazon/awssdk/metrics-spi/2.17.190/metrics-spi-2.17.190.jar:/home/ec2-user/.m2/repository/software/amazon/awssdk/apache-client/2.17.190/apache-client-2.17.190.jar:/home/ec2-user/.m2/repository/org/apache/httpcomponents/httpclient/4.5.13/httpclient-4.5.13.jar:/home/ec2-user/.m2/repository/commons-logging/commons-logging/1.2/commons-logging-1.2.jar:/home/ec2-user/.m2/repository/commons-codec/commons-codec/1.11/commons-codec-1.11.jar:/home/ec2-user/.m2/repository/org/apache/httpcomponents/httpcore/4.4.13/httpcore-4.4.13.jar:/home/ec2-user/.m2/repository/software/amazon/awssdk/netty-nio-client/2.17.190/netty-nio-client-2.17.190.jar:/home/ec2-user/.m2/repository/io/netty/netty-codec-http/4.1.77.Final/netty-codec-http-4.1.77.Final.jar:/home/ec2-user/.m2/repository/io/netty/netty-codec-http2/4.1.77.Final/netty-codec-http2-4.1.77.Final.jar:/home/ec2-user/.m2/repository/io/netty/netty-codec/4.1.77.Final/netty-codec-4.1.77.Final.jar:/home/ec2-user/.m2/repository/io/netty/netty-transport/4.1.77.Final/netty-transport-4.1.77.Final.jar:/home/ec2-user/.m2/repository/io/netty/netty-resolver/4.1.77.Final/netty-resolver-4.1.77.Final.jar:/home/ec2-user/.m2/repository/io/netty/netty-common/4.1.77.Final/netty-common-4.1.77.Final.jar:/home/ec2-user/.m2/repository/io/netty/netty-buffer/4.1.77.Final/netty-buffer-4.1.77.Final.jar:/home/ec2-user/.m2/repository/io/netty/netty-handler/4.1.77.Final/netty-handler-4.1.77.Final.jar:/home/ec2-user/.m2/repository/io/netty/netty-transport-classes-epoll/4.1.77.Final/netty-transport-classes-epoll-4.1.77.Final.jar:/home/ec2-user/.m2/repository/io/netty/netty-transport-native-unix-common/4.1.77.Final/netty-transport-native-unix-common-4.1.77.Final.jar:/home/ec2-user/.m2/repository/com/typesafe/netty/netty-reactive-streams-http/2.0.5/netty-reactive-streams-http-2.0.5.jar:/home/ec2-user/.m2/repository/com/typesafe/netty/netty-reactive-streams/2.0.5/netty-reactive-streams-2.0.5.jar:/home/ec2-user/.m2/repository/software/amazon/awssdk/secretsmanager/2.17.214/secretsmanager-2.17.214.jar:/home/ec2-user/.m2/repository/junit/junit/3.8.1/junit-3.8.1.jar:"/>
    <property name="sun.cpu.endian" value="little"/>
    <property name="user.home" value="/home/ec2-user"/>
    <property name="user.language" value="en"/>
    <property name="java.specification.vendor" value="Oracle Corporation"/>
    <property name="java.home" value="/usr/lib/jvm/java-1.8.0-openjdk-1.8.0.312.b07-1.amzn2.0.2.x86_64/jre"/>
    <property name="basedir" value="/home/ec2-user/environment/aws-commoms-util"/>
    <property name="file.separator" value="/"/>
    <property name="line.separator" value="&#10;"/>
    <property name="java.vm.specification.vendor" value="Oracle Corporation"/>
    <property name="java.specification.name" value="Java Platform API Specification"/>
    <property name="java.awt.graphicsenv" value="sun.awt.X11GraphicsEnvironment"/>
    <property name="surefire.real.class.path" value="/home/ec2-user/environment/aws-commoms-util/target/surefire/surefirebooter8516886133993360290.jar"/>
    <property name="sun.boot.class.path" value="/usr/lib/jvm/java-1.8.0-openjdk-1.8.0.312.b07-1.amzn2.0.2.x86_64/jre/lib/resources.jar:/usr/lib/jvm/java-1.8.0-openjdk-1.8.0.312.b07-1.amzn2.0.2.x86_64/jre/lib/rt.jar:/usr/lib/jvm/java-1.8.0-openjdk-1.8.0.312.b07-1.amzn2.0.2.x86_64/jre/lib/sunrsasign.jar:/usr/lib/jvm/java-1.8.0-openjdk-1.8.0.312.b07-1.amzn2.0.2.x86_64/jre/lib/jsse.jar:/usr/lib/jvm/java-1.8.0-openjdk-1.8.0.312.b07-1.amzn2.0.2.x86_64/jre/lib/jce.jar:/usr/lib/jvm/java-1.8.0-openjdk-1.8.0.312.b07-1.amzn2.0.2.x86_64/jre/lib/charsets.jar:/usr/lib/jvm/java-1.8.0-openjdk-1.8.0.312.b07-1.amzn2.0.2.x86_64/jre/lib/jfr.jar:/usr/lib/jvm/java-1.8.0-openjdk-1.8.0.312.b07-1.amzn2.0.2.x86_64/jre/classes"/>
    <property name="sun.management.compiler" value="HotSpot 64-Bit Tiered Compilers"/>
    <property name="java.runtime.version" value="1.8.0_312-b07"/>
    <property name="user.name" value="ec2-user"/>
    <property name="path.separator" value=":"/>
    <property name="os.version" value="4.14.281-212.502.amzn2.x86_64"/>
    <property name="java.endorsed.dirs" value="/usr/lib/jvm/java-1.8.0-openjdk-1.8.0.312.b07-1.amzn2.0.2.x86_64/jre/lib/endorsed"/>
    <property name="java.runtime.name" value="OpenJDK Runtime Environment"/>
    <property name="file.encoding" value="UTF-8"/>
    <property name="java.vm.name" value="OpenJDK 64-Bit Server VM"/>
    <property name="localRepository" value="/home/ec2-user/.m2/repository"/>
    <property name="java.vendor.url.bug" value="https://forums.aws.amazon.com/"/>
    <property name="java.io.tmpdir" value="/tmp"/>
    <property name="java.version" value="1.8.0_312"/>
    <property name="user.dir" value="/home/ec2-user/environment/aws-commoms-util"/>
    <property name="os.arch" value="amd64"/>
    <property name="java.vm.specification.name" value="Java Virtual Machine Specification"/>
    <property name="java.awt.printerjob" value="sun.print.PSPrinterJob"/>
    <property name="sun.os.patch.level" value="unknown"/>
    <property name="java.library.path" value="/usr/java/packages/lib/amd64:/usr/lib64:/lib64:/lib:/usr/lib"/>
    <property name="java.vm.info" value="mixed mode"/>
    <property name="java.vendor" value="Red Hat, Inc."/>
    <property name="java.vm.version" value="25.312-b07"/>
    <property name="java.ext.dirs" value="/usr/lib/jvm/java-1.8.0-openjdk-1.8.0.312.b07-1.amzn2.0.2.x86_64/jre/lib/ext:/usr/java/packages/lib/ext"/>
    <property name="sun.io.unicode.encoding" value="UnicodeLittle"/>
    <property name="java.class.version" value="52.0"/>
  </properties>
  <testcase name="testApp" classname="com.me.app.AppTest" time="2.729"/>
</testsuite>